"../../../Engine/Content/EditorBlueprintResources/StandardMacros.uasset" 0
"../../../../../../Users/Lopsi/OneDrive/Documents/Unreal Projects/My2DPaper/Content/Sprites/Platform.uasset" 1
"../../../../../../Users/Lopsi/OneDrive/Documents/Unreal Projects/My2DPaper/Content/Blueprints/Platformwin.uasset" 2
"../../../../../../Users/Lopsi/OneDrive/Documents/Unreal Projects/My2DPaper/Content/Blueprints/RedEnemyHealth.uasset" 3
"../../Plugins/2D/Paper2D/Content/PlaceholderTextures/DummySpriteTexture.uasset" 4
"../../Plugins/2D/Paper2D/Content/DefaultSpriteMaterial.uasset" 5
"../../Plugins/2D/Paper2D/Content/TranslucentUnlitSpriteMaterial.uasset" 6
"../../../../../../Users/Lopsi/OneDrive/Documents/Unreal Projects/My2DPaper/Content/Textures/2DCharacter_RunAnimAtlas.uasset" 7
"../../../../../../Users/Lopsi/OneDrive/Documents/Unreal Projects/My2DPaper/Content/Sprites/Run_1.uasset" 8
"../../../../../../Users/Lopsi/OneDrive/Documents/Unreal Projects/My2DPaper/Content/Sprites/Run_2.uasset" 9
"../../../../../../Users/Lopsi/OneDrive/Documents/Unreal Projects/My2DPaper/Content/Sprites/Run_3.uasset" 10
"../../../../../../Users/Lopsi/OneDrive/Documents/Unreal Projects/My2DPaper/Content/Sprites/Run_4.uasset" 11
"../../../../../../Users/Lopsi/OneDrive/Documents/Unreal Projects/My2DPaper/Content/Sprites/Run_5.uasset" 12
"../../../../../../Users/Lopsi/OneDrive/Documents/Unreal Projects/My2DPaper/Content/Sprites/Run_6.uasset" 13
"../../../../../../Users/Lopsi/OneDrive/Documents/Unreal Projects/My2DPaper/Content/Sprites/Run_7.uasset" 14
"../../../../../../Users/Lopsi/OneDrive/Documents/Unreal Projects/My2DPaper/Content/Sprites/Run_8.uasset" 15
"../../../../../../Users/Lopsi/OneDrive/Documents/Unreal Projects/My2DPaper/Content/Sprites/Run_9.uasset" 16
"../../../../../../Users/Lopsi/OneDrive/Documents/Unreal Projects/My2DPaper/Content/Sprites/Run_9_1.uasset" 17
"../../../../../../Users/Lopsi/OneDrive/Documents/Unreal Projects/My2DPaper/Content/Sprites/Run_9_2.uasset" 18
"../../../../../../Users/Lopsi/OneDrive/Documents/Unreal Projects/My2DPaper/Content/Sprites/Run_9_3.uasset" 19
"../../../../../../Users/Lopsi/OneDrive/Documents/Unreal Projects/My2DPaper/Content/Sprites/Run_9_4.uasset" 20
"../../../../../../Users/Lopsi/OneDrive/Documents/Unreal Projects/My2DPaper/Content/Sprites/Run_9_5.uasset" 21
"../../../../../../Users/Lopsi/OneDrive/Documents/Unreal Projects/My2DPaper/Content/Sprites/Run_9_6.uasset" 22
"../../../../../../Users/Lopsi/OneDrive/Documents/Unreal Projects/My2DPaper/Content/Sprites/Run_9_7.uasset" 23
"../../../../../../Users/Lopsi/OneDrive/Documents/Unreal Projects/My2DPaper/Content/Flipbooks/Run_flipbook.uasset" 24
"../../../../../../Users/Lopsi/OneDrive/Documents/Unreal Projects/My2DPaper/Content/Blueprints/RedEnemy.uasset" 25
"../../../../../../Users/Lopsi/OneDrive/Documents/Unreal Projects/My2DPaper/Content/Blueprints/RollerHealth.uasset" 26
"../../../../../../Users/Lopsi/OneDrive/Documents/Unreal Projects/My2DPaper/Content/Sprites/RollerSprite.uasset" 27
"../../../../../../Users/Lopsi/OneDrive/Documents/Unreal Projects/My2DPaper/Content/Blueprints/Roller.uasset" 28
"../../../../../../Users/Lopsi/OneDrive/Documents/Unreal Projects/My2DPaper/Content/Textures/PrototypeTexture.uasset" 29
"../../../../../../Users/Lopsi/OneDrive/Documents/Unreal Projects/My2DPaper/Content/Materials/LevelProto.uasset" 30
"../../../../../../Users/Lopsi/OneDrive/Documents/Unreal Projects/My2DPaper/Content/Sprites/PrototypingSprite.uasset" 31
"../../../../../../Users/Lopsi/OneDrive/Documents/Unreal Projects/My2DPaper/Content/Components/Lava_Blueprint.uasset" 32
"../../../../../../Users/Lopsi/OneDrive/Documents/Unreal Projects/My2DPaper/Content/Components/HealthBarHUD.uasset" 33
"../../../../../../Users/Lopsi/OneDrive/Documents/Unreal Projects/My2DPaper/Content/Data/AnimationState.uasset" 34
"../../../../../../Users/Lopsi/OneDrive/Documents/Unreal Projects/My2DPaper/Content/Sprites/CharacterJumping_Sprite.uasset" 35
"../../../../../../Users/Lopsi/OneDrive/Documents/Unreal Projects/My2DPaper/Content/Flipbooks/CharJump.uasset" 36
"../../../../../../Users/Lopsi/OneDrive/Documents/Unreal Projects/My2DPaper/Content/Textures/2DCharacter_IdleAnimAtlas.uasset" 37
"../../../../../../Users/Lopsi/OneDrive/Documents/Unreal Projects/My2DPaper/Content/Sprites/idle_1.uasset" 38
"../../../../../../Users/Lopsi/OneDrive/Documents/Unreal Projects/My2DPaper/Content/Sprites/idle_2.uasset" 39
"../../../../../../Users/Lopsi/OneDrive/Documents/Unreal Projects/My2DPaper/Content/Sprites/idle_3.uasset" 40
"../../../../../../Users/Lopsi/OneDrive/Documents/Unreal Projects/My2DPaper/Content/Sprites/idle_4.uasset" 41
"../../../../../../Users/Lopsi/OneDrive/Documents/Unreal Projects/My2DPaper/Content/Sprites/idle_5.uasset" 42
"../../../../../../Users/Lopsi/OneDrive/Documents/Unreal Projects/My2DPaper/Content/Sprites/idle_6.uasset" 43
"../../../../../../Users/Lopsi/OneDrive/Documents/Unreal Projects/My2DPaper/Content/Sprites/idle_7.uasset" 44
"../../../../../../Users/Lopsi/OneDrive/Documents/Unreal Projects/My2DPaper/Content/Sprites/idle_8.uasset" 45
"../../../../../../Users/Lopsi/OneDrive/Documents/Unreal Projects/My2DPaper/Content/Flipbooks/Idle_flipbook.uasset" 46
"../../../../../../Users/Lopsi/OneDrive/Documents/Unreal Projects/My2DPaper/Content/PauseMenu/PauseMenuWidget.uasset" 47
"../../../../../../Users/Lopsi/OneDrive/Documents/Unreal Projects/My2DPaper/Content/Blueprints/MyCharacter.uasset" 48
"../../../../../../Users/Lopsi/OneDrive/Documents/Unreal Projects/My2DPaper/Content/Blueprints/PaperGameMode.uasset" 49
"../../../../../../Users/Lopsi/OneDrive/Documents/Unreal Projects/My2DPaper/Content/Components/BasicEnemyMove.uasset" 50
"../../../../../../Users/Lopsi/OneDrive/Documents/Unreal Projects/My2DPaper/Content/Components/RedEnemy.uasset" 51
"../../../../../../Users/Lopsi/OneDrive/Documents/Unreal Projects/My2DPaper/Content/Components/Roller.uasset" 52
"../../../../../../Users/Lopsi/OneDrive/Documents/Unreal Projects/My2DPaper/Content/Flipbooks/RollerSprite_Flipbook.uasset" 53
"../../../../../../Users/Lopsi/OneDrive/Documents/Unreal Projects/My2DPaper/Content/Materials/LevelPrototype.uasset" 54
"../../../../../../Users/Lopsi/OneDrive/Documents/Unreal Projects/My2DPaper/Content/StarterContent/Textures/T_Metal_Gold_D.uasset" 55
"../../../../../../Users/Lopsi/OneDrive/Documents/Unreal Projects/My2DPaper/Content/StarterContent/Textures/T_Metal_Gold_N.uasset" 56
"../../../../../../Users/Lopsi/OneDrive/Documents/Unreal Projects/My2DPaper/Content/Textures/2DBackground.uasset" 57
"../../../../../../Users/Lopsi/OneDrive/Documents/Unreal Projects/My2DPaper/Content/Textures/2DBackgroundBlockAtlas.uasset" 58
"../../../../../../Users/Lopsi/OneDrive/Documents/Unreal Projects/My2DPaper/Content/Textures/2DBackgroundTile.uasset" 59
"../../../../../../Users/Lopsi/OneDrive/Documents/Unreal Projects/My2DPaper/Content/Textures/CharacterJumping.uasset" 60
"../../../Engine/Content/Animation/DefaultAnimCurveCompressionSettings.uasset" 61
"../../../Engine/Content/Functions/Engine_MaterialFunctions01/Opacity/CameraDepthFade.uasset" 62
"../../../Engine/Content/EngineMaterials/T_Default_Material_Grid_M.uasset" 63
"../../../Engine/Content/EngineMaterials/T_Default_Material_Grid_N.uasset" 64
"../../../Engine/Content/EngineMaterials/WorldGridMaterial.uasset" 65
"../../../Engine/Content/ArtTools/RenderToTexture/Meshes/S_1_Unit_Plane.uasset" 66
"../../../Engine/Content/EngineMaterials/DefaultMaterial.uasset" 67
"../../../Engine/Content/BasicShapes/Cone.uasset" 68
"../../../Engine/Content/BasicShapes/Cube.uasset" 69
"../../../Engine/Content/BasicShapes/Cylinder.uasset" 70
"../../../Engine/Content/BasicShapes/Plane.uasset" 71
"../../../Engine/Content/BasicShapes/Sphere.uasset" 72
"../../../Engine/Content/EditorLandscapeResources/DataLayer.uasset" 73
"../../../Engine/Content/EditorMaterials/MAT_Groups_Toggle.uasset" 74
"../../../Engine/Content/EditorMaterials/MAT_Groups_Visibility.uasset" 75
"../../../Engine/Content/EditorMaterials/PreviewShadowIndicator.uasset" 76
"../../../Engine/Content/EditorMaterials/PreviewShadowIndicatorMaterial.uasset" 77
"../../../Engine/Content/EditorMaterials/MatineeGroups/MAT_ColorTrack.uasset" 78
"../../../Engine/Content/EditorMaterials/MatineeGroups/MAT_Groups_Anim.uasset" 79
"../../../Engine/Content/EditorMaterials/MatineeGroups/MAT_Groups_AudioMaster.uasset" 80
"../../../Engine/Content/EditorMaterials/MatineeGroups/MAT_Groups_Director.uasset" 81
"../../../Engine/Content/EditorMaterials/MatineeGroups/MAT_Groups_Event.uasset" 82
"../../../Engine/Content/EditorMaterials/MatineeGroups/MAT_Groups_Fade.uasset" 83
"../../../Engine/Content/EditorMaterials/MatineeGroups/MAT_Groups_Float.uasset" 84
"../../../Engine/Content/EditorMaterials/MatineeGroups/MAT_Groups_Move.uasset" 85
"../../../Engine/Content/EditorMaterials/MatineeGroups/MAT_Groups_Slomo.uasset" 86
"../../../Engine/Content/EditorMaterials/MatineeGroups/MAT_Groups_Sound.uasset" 87
"../../../Engine/Content/EditorMaterials/MatineeGroups/MAT_Groups_Vector.uasset" 88
"../../../Engine/Content/EditorMaterials/ParticleSystems/PSysThumbnail_NoImage.uasset" 89
"../../../Engine/Content/EditorMaterials/ParticleSystems/PSysThumbnail_OOD.uasset" 90
"../../../Engine/Content/EditorMaterials/Camera/CineMat.uasset" 91
"../../../Engine/Content/EditorMaterials/Camera/MI_CineMat_Rig.uasset" 92
"../../../Engine/Content/EditorMeshes/Camera/SM_CraneRig_Arm.uasset" 93
"../../../Engine/Content/EditorMeshes/Camera/SM_CraneRig_Base.uasset" 94
"../../../Engine/Content/EditorMeshes/Camera/SM_CraneRig_Body.uasset" 95
"../../../Engine/Content/EditorMeshes/Camera/SM_CraneRig_Mount.uasset" 96
"../../../Engine/Content/EditorMeshes/Camera/SM_RailRig_Mount.uasset" 97
"../../../Engine/Content/EditorMeshes/Camera/SM_RailRig_Track.uasset" 98
"../../../Engine/Content/EditorResources/BSPVertex.uasset" 99
"../../../Engine/Content/EditorResources/EmptyActor.uasset" 100
"../../../Engine/Content/EditorResources/S_Actor.uasset" 101
"../../../Engine/Content/EditorResources/S_Note.uasset" 102
"../../../Engine/Content/EditorResources/S_Solver.uasset" 103
"../../../Engine/Content/EditorResources/S_Trigger.uasset" 104
"../../../Engine/Content/EditorResources/SequenceRecorder/Countdown.uasset" 105
"../../../Engine/Content/EditorResources/SequenceRecorder/RecordingIndicator.uasset" 106
"../../../Engine/Content/EditorSounds/Notifications/CompileFailed.uasset" 107
"../../../Engine/Content/EditorSounds/Notifications/CompileFailed_Cue.uasset" 108
"../../../Engine/Content/EditorSounds/Notifications/CompileSuccess.uasset" 109
"../../../Engine/Content/EditorSounds/Notifications/CompileStart_Cue.uasset" 110
"../../../Engine/Content/EditorSounds/Notifications/CompileSuccess_Cue.uasset" 111
"../../../Engine/Content/EngineDamageTypes/DmgTypeBP_Environmental.uasset" 112
"../../../Engine/Content/EngineDebugMaterials/DebugEditorMaterial.uasset" 113
"../../../Engine/Content/EngineDebugMaterials/DebugMeshMaterial.uasset" 114
"../../../Engine/Content/EngineDebugMaterials/M_SimpleUnlitTranslucent.uasset" 115
"../../../Engine/Content/Functions/Engine_MaterialFunctions02/Utility/CameraDirectionVector.uasset" 116
"../../../Engine/Content/EngineDebugMaterials/VolumeToRender.uasset" 117
"../../../Engine/Content/EngineDebugMaterials/M_VolumeRenderSphereTracePP.uasset" 118
"../../../Engine/Content/EngineDebugMaterials/WireframeMaterial.uasset" 119
"../../../Engine/Content/EngineFonts/Faces/DroidSansFallback.uasset" 120
"../../../Engine/Content/EngineFonts/Faces/RobotoBold.uasset" 121
"../../../Engine/Content/EngineFonts/Faces/RobotoBoldItalic.uasset" 122
"../../../Engine/Content/EngineFonts/Faces/RobotoItalic.uasset" 123
"../../../Engine/Content/EngineFonts/Faces/RobotoLight.uasset" 124
"../../../Engine/Content/EngineFonts/Faces/RobotoRegular.uasset" 125
"../../../Engine/Content/EngineFonts/Roboto.uasset" 126
"../../../Engine/Content/EngineMaterials/BaseFlattenDiffuseMap.uasset" 127
"../../../Engine/Content/EngineMaterials/BaseFlattenEmissiveMap.uasset" 128
"../../../Engine/Content/EngineMaterials/BaseFlattenGrayscaleMap.uasset" 129
"../../../Engine/Content/EngineMaterials/BaseFlattenNormalMap.uasset" 130
"../../../Engine/Content/EngineMaterials/BaseFlattenMaterial.uasset" 131
"../../../Engine/Content/EngineMaterials/BlueNoise.uasset" 132
"../../../Engine/Content/EngineMaterials/DefaultBloomKernel.uasset" 133
"../../../Engine/Content/EngineMaterials/DefaultBokeh.uasset" 134
"../../../Engine/Content/EngineMaterials/DefaultDiffuse.uasset" 135
"../../../Engine/Content/EngineMaterials/DefaultDeferredDecalMaterial.uasset" 136
"../../../Engine/Content/EngineMaterials/DefaultLightFunctionMaterial.uasset" 137
"../../../Engine/Content/EngineMaterials/DefaultPhysicalMaterial.uasset" 138
"../../../Engine/Content/Functions/Engine_MaterialFunctions02/Utility/BreakOutFloat2Components.uasset" 139
"../../../Engine/Content/EngineMaterials/DefaultPostProcessMaterial.uasset" 140
"../../../Engine/Content/EngineFonts/RobotoDistanceField.uasset" 141
"../../../Engine/Content/EngineMaterials/DefaultTextMaterialOpaque.uasset" 142
"../../../Engine/Content/EngineMaterials/DefaultWhiteGrid.uasset" 143
"../../../Engine/Content/EngineMaterials/DefaultWhiteGrid_Low.uasset" 144
"../../../Engine/Content/EngineMaterials/EmissiveMeshMaterial.uasset" 145
"../../../Engine/Content/EngineMaterials/GizmoMaterial.uasset" 146
"../../../Engine/Content/EngineMaterials/Good64x64TilingNoiseHighFreq.uasset" 147
"../../../Engine/Content/EngineMaterials/MiniFont.uasset" 148
"../../../Engine/Content/EngineMaterials/InvalidLightmapSettings.uasset" 149
"../../../Engine/Content/EngineMaterials/M_InvalidLightmapSettings.uasset" 150
"../../../Engine/Content/Functions/Engine_MaterialFunctions02/WorldPositionOffset/CameraOffset.uasset" 151
"../../../Engine/Content/EngineMaterials/PhAT_JointLimitMaterial.uasset" 152
"../../../Engine/Content/EngineMaterials/PreintegratedSkinBRDF.uasset" 153
"../../../Engine/Content/EngineMaterials/RemoveSurfaceMaterial.uasset" 154
"../../../Engine/Content/EngineMaterials/WeightMapPlaceholderTexture.uasset" 155
"../../../Engine/Content/EngineResources/WhiteSquareTexture.uasset" 156
"../../../Engine/Content/EngineMaterials/Widget3DPassThrough.uasset" 157
"../../../Engine/Content/EngineMaterials/Widget3DPassThrough_Masked.uasset" 158
"../../../Engine/Content/EngineMaterials/Widget3DPassThrough_Opaque.uasset" 159
"../../../Engine/Content/EngineMaterials/Widget3DPassThrough_Masked_OneSided.uasset" 160
"../../../Engine/Content/EngineMaterials/Widget3DPassThrough_Opaque_OneSided.uasset" 161
"../../../Engine/Content/EngineMaterials/Widget3DPassThrough_Translucent.uasset" 162
"../../../Engine/Content/EngineMaterials/Widget3DPassThrough_Translucent_OneSided.uasset" 163
"../../../Engine/Content/EngineMeshes/Cylinder.uasset" 164
"../../../Engine/Content/EngineMeshes/Sphere.uasset" 165
"../../../Engine/Content/EngineResources/Black.uasset" 166
"../../../Engine/Content/EngineResources/DefaultTexture.uasset" 167
"../../../Engine/Content/EngineResources/DefaultTextureCube.uasset" 168
"../../../Engine/Content/EngineResources/DefaultVolumeTexture2D.uasset" 169
"../../../Engine/Content/EngineResources/DefaultVolumeTexture.uasset" 170
"../../../Engine/Content/EngineResources/GradientTexture0.uasset" 171
"../../../Engine/Content/EngineSounds/Master.uasset" 172
"../../../Engine/Content/Functions/Engine_MaterialFunctions01/Shading/ConvertFromDiffSpec.uasset" 173
"../../../Engine/Content/Functions/Engine_MaterialFunctions01/Shading/PowerToRoughness.uasset" 174
"../../../Engine/Content/Maps/Templates/Thumbnails/Default.uasset" 175
"../../../Engine/Content/Maps/Templates/Thumbnails/TimeOfDay.uasset" 176
"../../../Engine/Content/Maps/Templates/Thumbnails/VR-Basic.uasset" 177
"../../../Engine/Content/MobileResources/T_MobileControls_texture.uasset" 178
"../../../Engine/Content/MobileResources/T_MobileMenu2.uasset" 179
"../../../Engine/Content/MobileResources/HUD/AnalogHat.uasset" 180
"../../../Engine/Content/MobileResources/HUD/VirtualJoystick_Background.uasset" 181
"../../../Engine/Content/MobileResources/HUD/VirtualJoystick_Thumb.uasset" 182
"../../../Engine/Content/MobileResources/HUD/DefaultVirtualJoysticks.uasset" 183
"../../../Engine/Content/MobileResources/HUD/LeftVirtualJoystickOnly.uasset" 184
"../../../Engine/Content/MobileResources/HUD/MobileHUDButton1_off.uasset" 185
"../../../Engine/Content/MobileResources/HUD/MobileHUDButton1_on.uasset" 186
"../../../Engine/Content/MobileResources/HUD/MobileHUDButton2_off.uasset" 187
"../../../Engine/Content/MobileResources/HUD/MobileHUDButton2_on.uasset" 188
"../../../Engine/Content/MobileResources/HUD/MobileHUDButton3.uasset" 189
"../../../Engine/Content/MobileResources/HUD/MobileHUDButtonFire.uasset" 190
"../../../Engine/Content/MobileResources/HUD/MobileHUDDirectionPad.uasset" 191
"../../../Engine/Content/MobileResources/HUD/MobileHUDDirectionPad2.uasset" 192
"../../../Engine/Content/MobileResources/HUD/MobileHUDDirectionPad3.uasset" 193
"../../../Engine/Content/MobileResources/HUD/MobileHUDDirectionStick.uasset" 194
"../../../Engine/Content/MobileResources/HUD/T_Castle_ThumbstickInner.uasset" 195
"../../../Engine/Content/MobileResources/HUD/T_Castle_ThumbstickOutter.uasset" 196
"../../../Engine/Content/Tutorial/ContentIntroCurve.uasset" 197
"../../../Engine/Content/Tutorial/Basics/LevelEditorAttract.uasset" 198
"../../../Engine/Content/Tutorial/Installation/InstallingVisualStudioTutorial.uasset" 199
"../../../Engine/Content/VREditor/LaserPointer/VR_LaserPower_01.uasset" 200
"../../../Engine/Content/VREditor/TransformGizmo/TransformGizmoMaterial.uasset" 201
"../../../Engine/Content/VREditor/TransformGizmo/TranslucentTransformGizmoMaterial.uasset" 202
"../../../Engine/Content/VREditor/TransformGizmo/BoundingBoxCorner.uasset" 203
"../../../Engine/Content/VREditor/TransformGizmo/BoundingBoxEdge.uasset" 204
"../../../Engine/Content/VREditor/TransformGizmo/PlaneTranslationHandle.uasset" 205
"../../../Engine/Content/VREditor/TransformGizmo/Main.uasset" 206
"../../../Engine/Content/VREditor/TransformGizmo/Xray.uasset" 207
"../../../Engine/Content/VREditor/TransformGizmo/SM_Sequencer_Key.uasset" 208
"../../../Engine/Content/VREditor/TransformGizmo/SM_Sequencer_Node.uasset" 209
"../../Plugins/2D/Paper2D/Content/DummySprite.uasset" 210
"../../Plugins/2D/Paper2D/Content/DefaultPaperTerrainMaterial.uasset" 211
"../../Plugins/2D/Paper2D/Content/MaskedUnlitSpriteMaterial.uasset" 212
"../../Plugins/2D/Paper2D/Content/OpaqueUnlitSpriteMaterial.uasset" 213
"../../Plugins/FX/Niagara/Content/Enums/ENiagaraBooleanLogicOps.uasset" 214
"../../Plugins/FX/Niagara/Content/Enums/ENiagaraCoordinateSpace.uasset" 215
"../../Plugins/FX/Niagara/Content/Enums/ENiagaraExpansionMode.uasset" 216
"../../Plugins/FX/Niagara/Content/Enums/ENiagaraOrientationAxis.uasset" 217
"../../Plugins/FX/Niagara/Content/Enums/ENiagaraRandomnessMode.uasset" 218
"../../../Engine/Content/Functions/Engine_MaterialFunctions02/Utility/BreakOutFloat4Components.uasset" 219
"../../../Engine/Content/Functions/Engine_MaterialFunctions02/Utility/MakeFloat2.uasset" 220
"../../../Engine/Content/Functions/Engine_MaterialFunctions02/Utility/MakeFloat3.uasset" 221
"../../Plugins/Runtime/Oculus/OculusVR/Content/Materials/OculusMR_ChromaKey.uasset" 222
"../../Plugins/Runtime/Oculus/OculusVR/Content/Materials/OculusMR_ChromaKey_Lit.uasset" 223
"../../Plugins/Runtime/Oculus/OculusVR/Content/Materials/OculusMR_OpaqueColoredMaterial.uasset" 224
"../../Plugins/Runtime/Oculus/OculusVR/Content/Materials/OculusMR_WhiteMaterial.uasset" 225
"../../../../../../Users/Lopsi/OneDrive/Documents/Unreal Projects/My2DPaper/Content/MainMenu/forest_landscape.uasset" 226
"../../../../../../Users/Lopsi/OneDrive/Documents/Unreal Projects/My2DPaper/Content/MainMenu/MainMenuWidget.uasset" 227
"../../../../../../Users/Lopsi/OneDrive/Documents/Unreal Projects/My2DPaper/Content/MainMenuLevel.umap" 228
"../../../../../../Users/Lopsi/OneDrive/Documents/Unreal Projects/My2DPaper/Content/Blueprints/2DLift.uasset" 229
"../../../../../../Users/Lopsi/OneDrive/Documents/Unreal Projects/My2DPaper/Content/Blueprints/2DLift_Child.uasset" 230
"../../../../../../Users/Lopsi/OneDrive/Documents/Unreal Projects/My2DPaper/Content/Blueprints/2DLift_Child2.uasset" 231
"../../../../../../Users/Lopsi/OneDrive/Documents/Unreal Projects/My2DPaper/Content/Components/EnemyBasicCollide.uasset" 232
"../../../../../../Users/Lopsi/OneDrive/Documents/Unreal Projects/My2DPaper/Content/My2DMap_BuiltData.uasset" 233
"../../../../../../Users/Lopsi/OneDrive/Documents/Unreal Projects/My2DPaper/Content/Sprites/2DBackground_Sprite.uasset" 234
"../../../../../../Users/Lopsi/OneDrive/Documents/Unreal Projects/My2DPaper/Content/My2DMap.umap" 235
